<?xml version="1.0" encoding="UTF-8"?>
<testsuite xmlns:xsi="http://www.w3.org/2001/XMLSchema-instance" xsi:noNamespaceSchemaLocation="https://maven.apache.org/surefire/maven-surefire-plugin/xsd/surefire-test-report.xsd" name="HerdTest" time="0.553" tests="14" errors="0" skipped="0" failures="0">
  <properties>
[...]
</properties>
  <testcase name="classExists" classname="HerdTest" time="0.085"/>
  <testcase name="herdOfOneMovesCorrectly1" classname="HerdTest" time="0.039"/>
  <testcase name="herdOfOneMovesCorrectly2" classname="HerdTest" time="0.002"/>
  <testcase name="herdOfOneMovesCorrectly3" classname="HerdTest" time="0.067"/>
  <testcase name="methodAddToHerdExists" classname="HerdTest" time="0"/>
  <testcase name="bigHerdMovesCorrectly" classname="HerdTest" time="0.017"/>
  <testcase name="Constructor" classname="HerdTest" time="0.005"/>
  <testcase name="isMovable" classname="HerdTest" time="0.002"/>
  <testcase name="toStringDefined" classname="HerdTest" time="0.01"/>
  <testcase name="methodMoveExists" classname="HerdTest" time="0"/>
  <testcase name="herdOfTwoMovesCorrectly1" classname="HerdTest" time="0"/>
  <testcase name="herdOfTwoMovesCorrectly2" classname="HerdTest" time="0"/>
  <testcase name="herdOfTwoMovesCorrectly3" classname="HerdTest" time="0.022"/>
  <testcase name="noExtraVariables" classname="HerdTest" time="0.004"/>
</testsuite>