<?xml version="1.0" encoding="UTF-8" ?>
<testsuite tests="15" failures="0" name="GradeStatisticsTest" time="0.415" errors="0" skipped="0">
  <properties>
[...]
</properties>
  <testcase classname="GradeStatisticsTest" name="testMany3" time="0.218"/>
  <testcase classname="GradeStatisticsTest" name="testMany4" time="0.028"/>
  <testcase classname="GradeStatisticsTest" name="testMany5" time="0.017"/>
  <testcase classname="GradeStatisticsTest" name="avgAll1" time="0.024"/>
  <testcase classname="GradeStatisticsTest" name="avgAll2" time="0.01"/>
  <testcase classname="GradeStatisticsTest" name="avgPassing1" time="0.006"/>
  <testcase classname="GradeStatisticsTest" name="avgPassing2" time="0.017"/>
  <testcase classname="GradeStatisticsTest" name="test1" time="0.01"/>
  <testcase classname="GradeStatisticsTest" name="test2" time="0.012"/>
  <testcase classname="GradeStatisticsTest" name="test3" time="0.004"/>
  <testcase classname="GradeStatisticsTest" name="test4" time="0.035"/>
  <testcase classname="GradeStatisticsTest" name="test5" time="0.012"/>
  <testcase classname="GradeStatisticsTest" name="passPercentage1" time="0.007"/>
  <testcase classname="GradeStatisticsTest" name="passPercentage2" time="0.012"/>
  <testcase classname="GradeStatisticsTest" name="badInput" time="0.003"/>
</testsuite>