<?xml version="1.0" encoding="UTF-8"?>
<testsuite xmlns:xsi="http://www.w3.org/2001/XMLSchema-instance" xsi:noNamespaceSchemaLocation="https://maven.apache.org/surefire/maven-surefire-plugin/xsd/surefire-test-report.xsd" name="C_ProductWarehouseWithHistoryTest" time="0.697" tests="16" errors="0" skipped="0" failures="9">
  <properties>
[...]
</properties>
  <testcase name="takeFromWarehouseReturnsTheAmountTaken" classname="C_ProductWarehouseWithHistoryTest" time="0.01"/>
  <testcase name="hasConstructorTakingThreeParameters" classname="C_ProductWarehouseWithHistoryTest" time="0.014"/>
  <testcase name="hasMethodAddToWarehouse" classname="C_ProductWarehouseWithHistoryTest" time="0.002"/>
  <testcase name="classExists" classname="C_ProductWarehouseWithHistoryTest" time="0"/>
  <testcase name="printAnalysisWorks1" classname="C_ProductWarehouseWithHistoryTest" time="0.64">
    <failure message="Is printAnalysis() working correctly? Running the code:&#10;tv = new ProductWarehouseWithHistory(&quot;coffee&quot;, 10, 2);&#10;pwh.addToWarehouse(4);&#10;pwh.takeFromWarehouse(2);&#10;pwh.printAnalysis()&#10; prints the line &quot;History: [2.0, 2.0, 2.0]&quot;" type="java.lang.AssertionError">java.lang.AssertionError: 
Is printAnalysis() working correctly? Running the code:
tv = new ProductWarehouseWithHistory("coffee", 10, 2);
pwh.addToWarehouse(4);
pwh.takeFromWarehouse(2);
pwh.printAnalysis()
 prints the line "History: [2.0, 2.0, 2.0]"
	at C_ProductWarehouseWithHistoryTest.printAnalysisWorks1(C_ProductWarehouseWithHistoryTest.java:274)
</failure>
  </testcase>
  <testcase name="printAnalysisWorks2" classname="C_ProductWarehouseWithHistoryTest" time="0">
    <failure message="Is printAnalysis() working correctly? Running the code: &#10;pwh = new ProductWarehouseWithHistory(&quot;coffee&quot;, 10, 2);&#10;pwh.addToWarehouse(4);&#10;pwh.takeFromWarehouse(2);&#10;pwh.printAnalysis()&#10;prints the line &quot;History: [2.0, 2.0, 2.0, 2.0, 2.0]&quot;" type="java.lang.AssertionError">java.lang.AssertionError: 
Is printAnalysis() working correctly? Running the code: 
pwh = new ProductWarehouseWithHistory("coffee", 10, 2);
pwh.addToWarehouse(4);
pwh.takeFromWarehouse(2);
pwh.printAnalysis()
prints the line "History: [2.0, 2.0, 2.0, 2.0, 2.0]"
	at C_ProductWarehouseWithHistoryTest.printAnalysisWorks2(C_ProductWarehouseWithHistoryTest.java:314)
</failure>
  </testcase>
  <testcase name="printAnalysisContainsTheDesiredLines" classname="C_ProductWarehouseWithHistoryTest" time="0"/>
  <testcase name="addingAndTakingAffectsTheHistory1" classname="C_ProductWarehouseWithHistoryTest" time="0.002">
    <failure message="Method history() of class ProductWarehouseWithHistory missing." type="java.lang.AssertionError">java.lang.AssertionError: Method history() of class ProductWarehouseWithHistory missing.
	at C_ProductWarehouseWithHistoryTest.history(C_ProductWarehouseWithHistoryTest.java:347)
	at C_ProductWarehouseWithHistoryTest.addingAndTakingAffectsTheHistory1(C_ProductWarehouseWithHistoryTest.java:151)
</failure>
  </testcase>
  <testcase name="addingAndTakingAffectsTheHistory2" classname="C_ProductWarehouseWithHistoryTest" time="0.005">
    <failure message="Method history() of class ProductWarehouseWithHistory missing." type="java.lang.AssertionError">java.lang.AssertionError: Method history() of class ProductWarehouseWithHistory missing.
	at C_ProductWarehouseWithHistoryTest.history(C_ProductWarehouseWithHistoryTest.java:347)
	at C_ProductWarehouseWithHistoryTest.addingAndTakingAffectsTheHistory2(C_ProductWarehouseWithHistoryTest.java:178)
</failure>
  </testcase>
  <testcase name="hasMethodTakeFromWarehouse" classname="C_ProductWarehouseWithHistoryTest" time="0.003">
    <failure message="ProductWarehouseWithHistory pwh = new ProductWarehouseWithHistory(&quot;beer&quot;, 10, 2);&#10;pwh.takeFromWarehouse(1);&#10; expected:&lt;1.0&gt; but was:&lt;2.0&gt;" type="java.lang.AssertionError"><![CDATA[java.lang.AssertionError: 
ProductWarehouseWithHistory pwh = new ProductWarehouseWithHistory("beer", 10, 2);
pwh.takeFromWarehouse(1);
 expected:<1.0> but was:<2.0>
	at C_ProductWarehouseWithHistoryTest.hasMethodTakeFromWarehouse(C_ProductWarehouseWithHistoryTest.java:118)
]]></failure>
  </testcase>
  <testcase name="hasMethodHistory" classname="C_ProductWarehouseWithHistoryTest" time="0.001">
    <failure message="write a method public String history() for the class ProductWarehouseWithHistory" type="java.lang.AssertionError">java.lang.AssertionError: write a method public String history() for the class ProductWarehouseWithHistory
	at C_ProductWarehouseWithHistoryTest.hasMethodHistory(C_ProductWarehouseWithHistoryTest.java:67)
</failure>
  </testcase>
  <testcase name="theInitialBalanceIsSetAsTheBalanceOfTheWarehouse" classname="C_ProductWarehouseWithHistoryTest" time="0.001">
    <failure message="Make sure you are setting the balance of the warehouse when calling the constructor of ProductWarehouseWithHistory. expected:&lt;5.0&gt; but was:&lt;0.0&gt;" type="java.lang.AssertionError"><![CDATA[java.lang.AssertionError: Make sure you are setting the balance of the warehouse when calling the constructor of ProductWarehouseWithHistory. expected:<5.0> but was:<0.0>
	at C_ProductWarehouseWithHistoryTest.theInitialBalanceIsSetAsTheBalanceOfTheWarehouse(C_ProductWarehouseWithHistoryTest.java:46)
]]></failure>
  </testcase>
  <testcase name="hasMethodPrintAnalysis" classname="C_ProductWarehouseWithHistoryTest" time="0.002"/>
  <testcase name="noExtraObjectVariables" classname="C_ProductWarehouseWithHistoryTest" time="0.002">
    <failure message="you don&apos;t need object variables for the ProductWarehouseWithHistory class other object variables than ChangeHistory. Remove the extra ones" type="java.lang.AssertionError">java.lang.AssertionError: you don't need object variables for the ProductWarehouseWithHistory class other object variables than ChangeHistory. Remove the extra ones
	at C_ProductWarehouseWithHistoryTest.sanitaryCheck(C_ProductWarehouseWithHistoryTest.java:393)
	at C_ProductWarehouseWithHistoryTest.noExtraObjectVariables(C_ProductWarehouseWithHistoryTest.java:53)
</failure>
  </testcase>
  <testcase name="addingAndTakingWorks" classname="C_ProductWarehouseWithHistoryTest" time="0.002">
    <failure message="does the addToWarehouse method in ProductWarehouseWithHistory call the overridden method?&#10;check the code:&#10;check the code:&#10;pwh = new ProductWarehouseWithHistory(&quot;coffee&quot;,10,5);&#10;pwh.addToWarehouse(5);&#10;pwh.getBalance()  expected:&lt;10.0&gt; but was:&lt;5.0&gt;" type="java.lang.AssertionError"><![CDATA[java.lang.AssertionError: 
does the addToWarehouse method in ProductWarehouseWithHistory call the overridden method?
check the code:
check the code:
pwh = new ProductWarehouseWithHistory("coffee",10,5);
pwh.addToWarehouse(5);
pwh.getBalance()  expected:<10.0> but was:<5.0>
	at C_ProductWarehouseWithHistoryTest.addingAndTakingWorks(C_ProductWarehouseWithHistoryTest.java:130)
]]></failure>
  </testcase>
  <testcase name="inheritsProductWarehouseClass" classname="C_ProductWarehouseWithHistoryTest" time="0.002"/>
</testsuite>