<?xml version="1.0" encoding="UTF-8"?>
<testsuite xmlns:xsi="http://www.w3.org/2001/XMLSchema-instance" xsi:noNamespaceSchemaLocation="https://maven.apache.org/surefire/maven-surefire-plugin/xsd/surefire-test-report.xsd" name="C_ProductWarehouseWithHistoryTest" time="0.697" tests="16" errors="0" skipped="0" failures="9">
  <properties>
    <property name="awt.toolkit" value="sun.awt.X11.XToolkit"/>
    <property name="java.specification.version" value="11"/>
    <property name="sun.cpu.isalist" value=""/>
    <property name="sun.jnu.encoding" value="UTF-8"/>
    <property name="java.class.path" value="/home/cheong/NetBeansProjects/mooc-java-programming-ii/mooc-java-programming-ii/part09-Part09_03.Warehousing/target/test-classes:/home/cheong/NetBeansProjects/mooc-java-programming-ii/mooc-java-programming-ii/part09-Part09_03.Warehousing/target/classes:/home/cheong/.m2/repository/junit/junit/4.12/junit-4.12.jar:/home/cheong/.m2/repository/org/hamcrest/hamcrest-core/1.3/hamcrest-core-1.3.jar:/home/cheong/.m2/repository/fi/helsinki/cs/tmc/edu-test-utils/0.4.2/edu-test-utils-0.4.2.jar:"/>
    <property name="java.vm.vendor" value="Ubuntu"/>
    <property name="sun.arch.data.model" value="64"/>
    <property name="java.vendor.url" value="https://ubuntu.com/"/>
    <property name="user.timezone" value=""/>
    <property name="java.vm.specification.version" value="11"/>
    <property name="os.name" value="Linux"/>
    <property name="sun.java.launcher" value="SUN_STANDARD"/>
    <property name="user.country" value="US"/>
    <property name="sun.boot.library.path" value="/usr/lib/jvm/java-11-openjdk-amd64/lib"/>
    <property name="sun.java.command" value="/home/cheong/NetBeansProjects/mooc-java-programming-ii/mooc-java-programming-ii/part09-Part09_03.Warehousing/target/surefire/surefirebooter5584817623645639333.jar /home/cheong/NetBeansProjects/mooc-java-programming-ii/mooc-java-programming-ii/part09-Part09_03.Warehousing/target/surefire 2022-11-08T17-34-17_087-jvmRun1 surefire7382237949625885637tmp surefire_012476684594361842835tmp"/>
    <property name="jdk.debug" value="release"/>
    <property name="surefire.test.class.path" value="/home/cheong/NetBeansProjects/mooc-java-programming-ii/mooc-java-programming-ii/part09-Part09_03.Warehousing/target/test-classes:/home/cheong/NetBeansProjects/mooc-java-programming-ii/mooc-java-programming-ii/part09-Part09_03.Warehousing/target/classes:/home/cheong/.m2/repository/junit/junit/4.12/junit-4.12.jar:/home/cheong/.m2/repository/org/hamcrest/hamcrest-core/1.3/hamcrest-core-1.3.jar:/home/cheong/.m2/repository/fi/helsinki/cs/tmc/edu-test-utils/0.4.2/edu-test-utils-0.4.2.jar:"/>
    <property name="sun.cpu.endian" value="little"/>
    <property name="user.home" value="/home/cheong"/>
    <property name="user.language" value="en"/>
    <property name="java.specification.vendor" value="Oracle Corporation"/>
    <property name="java.version.date" value="2022-07-19"/>
    <property name="java.home" value="/usr/lib/jvm/java-11-openjdk-amd64"/>
    <property name="file.separator" value="/"/>
    <property name="basedir" value="/home/cheong/NetBeansProjects/mooc-java-programming-ii/mooc-java-programming-ii/part09-Part09_03.Warehousing"/>
    <property name="java.vm.compressedOopsMode" value="32-bit"/>
    <property name="line.separator" value="&#10;"/>
    <property name="java.specification.name" value="Java Platform API Specification"/>
    <property name="java.vm.specification.vendor" value="Oracle Corporation"/>
    <property name="java.awt.graphicsenv" value="sun.awt.X11GraphicsEnvironment"/>
    <property name="surefire.real.class.path" value="/home/cheong/NetBeansProjects/mooc-java-programming-ii/mooc-java-programming-ii/part09-Part09_03.Warehousing/target/surefire/surefirebooter5584817623645639333.jar"/>
    <property name="jdk.net.URLClassPath.disableClassPathURLCheck" value="true"/>
    <property name="sun.management.compiler" value="HotSpot 64-Bit Tiered Compilers"/>
    <property name="java.runtime.version" value="11.0.16+8-post-Ubuntu-0ubuntu120.04"/>
    <property name="user.name" value="cheong"/>
    <property name="path.separator" value=":"/>
    <property name="os.version" value="5.15.0-52-generic"/>
    <property name="java.runtime.name" value="OpenJDK Runtime Environment"/>
    <property name="file.encoding" value="UTF-8"/>
    <property name="java.vm.name" value="OpenJDK 64-Bit Server VM"/>
    <property name="localRepository" value="/home/cheong/.m2/repository"/>
    <property name="java.vendor.url.bug" value="https://bugs.launchpad.net/ubuntu/+source/openjdk-lts"/>
    <property name="java.io.tmpdir" value="/tmp"/>
    <property name="java.version" value="11.0.16"/>
    <property name="user.dir" value="/home/cheong/NetBeansProjects/mooc-java-programming-ii/mooc-java-programming-ii/part09-Part09_03.Warehousing"/>
    <property name="os.arch" value="amd64"/>
    <property name="java.vm.specification.name" value="Java Virtual Machine Specification"/>
    <property name="java.awt.printerjob" value="sun.print.PSPrinterJob"/>
    <property name="sun.os.patch.level" value="unknown"/>
    <property name="java.library.path" value="/usr/java/packages/lib:/usr/lib/x86_64-linux-gnu/jni:/lib/x86_64-linux-gnu:/usr/lib/x86_64-linux-gnu:/usr/lib/jni:/lib:/usr/lib"/>
    <property name="java.vm.info" value="mixed mode, sharing"/>
    <property name="java.vendor" value="Ubuntu"/>
    <property name="java.vm.version" value="11.0.16+8-post-Ubuntu-0ubuntu120.04"/>
    <property name="sun.io.unicode.encoding" value="UnicodeLittle"/>
    <property name="java.class.version" value="55.0"/>
  </properties>
  <testcase name="takeFromWarehouseReturnsTheAmountTaken" classname="C_ProductWarehouseWithHistoryTest" time="0.01"/>
  <testcase name="hasConstructorTakingThreeParameters" classname="C_ProductWarehouseWithHistoryTest" time="0.014"/>
  <testcase name="hasMethodAddToWarehouse" classname="C_ProductWarehouseWithHistoryTest" time="0.002"/>
  <testcase name="classExists" classname="C_ProductWarehouseWithHistoryTest" time="0"/>
  <testcase name="printAnalysisWorks1" classname="C_ProductWarehouseWithHistoryTest" time="0.64">
    <failure message="Is printAnalysis() working correctly? Running the code:&#10;tv = new ProductWarehouseWithHistory(&quot;coffee&quot;, 10, 2);&#10;pwh.addToWarehouse(4);&#10;pwh.takeFromWarehouse(2);&#10;pwh.printAnalysis()&#10; prints the line &quot;History: [2.0, 2.0, 2.0]&quot;" type="java.lang.AssertionError">java.lang.AssertionError: 
Is printAnalysis() working correctly? Running the code:
tv = new ProductWarehouseWithHistory("coffee", 10, 2);
pwh.addToWarehouse(4);
pwh.takeFromWarehouse(2);
pwh.printAnalysis()
 prints the line "History: [2.0, 2.0, 2.0]"
	at C_ProductWarehouseWithHistoryTest.printAnalysisWorks1(C_ProductWarehouseWithHistoryTest.java:274)
</failure>
  </testcase>
  <testcase name="printAnalysisWorks2" classname="C_ProductWarehouseWithHistoryTest" time="0">
    <failure message="Is printAnalysis() working correctly? Running the code: &#10;pwh = new ProductWarehouseWithHistory(&quot;coffee&quot;, 10, 2);&#10;pwh.addToWarehouse(4);&#10;pwh.takeFromWarehouse(2);&#10;pwh.printAnalysis()&#10;prints the line &quot;History: [2.0, 2.0, 2.0, 2.0, 2.0]&quot;" type="java.lang.AssertionError">java.lang.AssertionError: 
Is printAnalysis() working correctly? Running the code: 
pwh = new ProductWarehouseWithHistory("coffee", 10, 2);
pwh.addToWarehouse(4);
pwh.takeFromWarehouse(2);
pwh.printAnalysis()
prints the line "History: [2.0, 2.0, 2.0, 2.0, 2.0]"
	at C_ProductWarehouseWithHistoryTest.printAnalysisWorks2(C_ProductWarehouseWithHistoryTest.java:314)
</failure>
  </testcase>
  <testcase name="printAnalysisContainsTheDesiredLines" classname="C_ProductWarehouseWithHistoryTest" time="0"/>
  <testcase name="addingAndTakingAffectsTheHistory1" classname="C_ProductWarehouseWithHistoryTest" time="0.002">
    <failure message="Method history() of class ProductWarehouseWithHistory missing." type="java.lang.AssertionError">java.lang.AssertionError: Method history() of class ProductWarehouseWithHistory missing.
	at C_ProductWarehouseWithHistoryTest.history(C_ProductWarehouseWithHistoryTest.java:347)
	at C_ProductWarehouseWithHistoryTest.addingAndTakingAffectsTheHistory1(C_ProductWarehouseWithHistoryTest.java:151)
</failure>
  </testcase>
  <testcase name="addingAndTakingAffectsTheHistory2" classname="C_ProductWarehouseWithHistoryTest" time="0.005">
    <failure message="Method history() of class ProductWarehouseWithHistory missing." type="java.lang.AssertionError">java.lang.AssertionError: Method history() of class ProductWarehouseWithHistory missing.
	at C_ProductWarehouseWithHistoryTest.history(C_ProductWarehouseWithHistoryTest.java:347)
	at C_ProductWarehouseWithHistoryTest.addingAndTakingAffectsTheHistory2(C_ProductWarehouseWithHistoryTest.java:178)
</failure>
  </testcase>
  <testcase name="hasMethodTakeFromWarehouse" classname="C_ProductWarehouseWithHistoryTest" time="0.003">
    <failure message="ProductWarehouseWithHistory pwh = new ProductWarehouseWithHistory(&quot;beer&quot;, 10, 2);&#10;pwh.takeFromWarehouse(1);&#10; expected:&lt;1.0&gt; but was:&lt;2.0&gt;" type="java.lang.AssertionError"><![CDATA[java.lang.AssertionError: 
ProductWarehouseWithHistory pwh = new ProductWarehouseWithHistory("beer", 10, 2);
pwh.takeFromWarehouse(1);
 expected:<1.0> but was:<2.0>
	at C_ProductWarehouseWithHistoryTest.hasMethodTakeFromWarehouse(C_ProductWarehouseWithHistoryTest.java:118)
]]></failure>
  </testcase>
  <testcase name="hasMethodHistory" classname="C_ProductWarehouseWithHistoryTest" time="0.001">
    <failure message="write a method public String history() for the class ProductWarehouseWithHistory" type="java.lang.AssertionError">java.lang.AssertionError: write a method public String history() for the class ProductWarehouseWithHistory
	at C_ProductWarehouseWithHistoryTest.hasMethodHistory(C_ProductWarehouseWithHistoryTest.java:67)
</failure>
  </testcase>
  <testcase name="theInitialBalanceIsSetAsTheBalanceOfTheWarehouse" classname="C_ProductWarehouseWithHistoryTest" time="0.001">
    <failure message="Make sure you are setting the balance of the warehouse when calling the constructor of ProductWarehouseWithHistory. expected:&lt;5.0&gt; but was:&lt;0.0&gt;" type="java.lang.AssertionError"><![CDATA[java.lang.AssertionError: Make sure you are setting the balance of the warehouse when calling the constructor of ProductWarehouseWithHistory. expected:<5.0> but was:<0.0>
	at C_ProductWarehouseWithHistoryTest.theInitialBalanceIsSetAsTheBalanceOfTheWarehouse(C_ProductWarehouseWithHistoryTest.java:46)
]]></failure>
  </testcase>
  <testcase name="hasMethodPrintAnalysis" classname="C_ProductWarehouseWithHistoryTest" time="0.002"/>
  <testcase name="noExtraObjectVariables" classname="C_ProductWarehouseWithHistoryTest" time="0.002">
    <failure message="you don&apos;t need object variables for the ProductWarehouseWithHistory class other object variables than ChangeHistory. Remove the extra ones" type="java.lang.AssertionError">java.lang.AssertionError: you don't need object variables for the ProductWarehouseWithHistory class other object variables than ChangeHistory. Remove the extra ones
	at C_ProductWarehouseWithHistoryTest.sanitaryCheck(C_ProductWarehouseWithHistoryTest.java:393)
	at C_ProductWarehouseWithHistoryTest.noExtraObjectVariables(C_ProductWarehouseWithHistoryTest.java:53)
</failure>
  </testcase>
  <testcase name="addingAndTakingWorks" classname="C_ProductWarehouseWithHistoryTest" time="0.002">
    <failure message="does the addToWarehouse method in ProductWarehouseWithHistory call the overridden method?&#10;check the code:&#10;check the code:&#10;pwh = new ProductWarehouseWithHistory(&quot;coffee&quot;,10,5);&#10;pwh.addToWarehouse(5);&#10;pwh.getBalance()  expected:&lt;10.0&gt; but was:&lt;5.0&gt;" type="java.lang.AssertionError"><![CDATA[java.lang.AssertionError: 
does the addToWarehouse method in ProductWarehouseWithHistory call the overridden method?
check the code:
check the code:
pwh = new ProductWarehouseWithHistory("coffee",10,5);
pwh.addToWarehouse(5);
pwh.getBalance()  expected:<10.0> but was:<5.0>
	at C_ProductWarehouseWithHistoryTest.addingAndTakingWorks(C_ProductWarehouseWithHistoryTest.java:130)
]]></failure>
  </testcase>
  <testcase name="inheritsProductWarehouseClass" classname="C_ProductWarehouseWithHistoryTest" time="0.002"/>
</testsuite>