<?xml version="1.0" encoding="UTF-8"?>
<testsuite xmlns:xsi="http://www.w3.org/2001/XMLSchema-instance" xsi:noNamespaceSchemaLocation="https://maven.apache.org/surefire/maven-surefire-plugin/xsd/surefire-test-report.xsd" name="dictionary.SaveableDictionaryTest" time="2.016" tests="16" errors="0" skipped="0" failures="0">
  <properties>
[...]
</properties>
  <testcase name="translateMethod" classname="dictionary.SaveableDictionaryTest" time="0.526"/>
  <testcase name="eiLadataKuinVastaMethodssa" classname="dictionary.SaveableDictionaryTest" time="0.047"/>
  <testcase name="deleteMethod" classname="dictionary.SaveableDictionaryTest" time="0.062"/>
  <testcase name="methodload" classname="dictionary.SaveableDictionaryTest" time="0.082"/>
  <testcase name="methodsave" classname="dictionary.SaveableDictionaryTest" time="0.012"/>
  <testcase name="deletionWorks" classname="dictionary.SaveableDictionaryTest" time="0.045"/>
  <testcase name="ConstructorWithParameterExists" classname="dictionary.SaveableDictionaryTest" time="0.007"/>
  <testcase name="addMethod" classname="dictionary.SaveableDictionaryTest" time="0.01"/>
  <testcase name="loadedDictionaryWorks" classname="dictionary.SaveableDictionaryTest" time="0.018"/>
  <testcase name="changesToTheExistingFileGetSaved" classname="dictionary.SaveableDictionaryTest" time="0.044"/>
  <testcase name="addAndTranslateAreWorking" classname="dictionary.SaveableDictionaryTest" time="0.016"/>
  <testcase name="olemassaolevassadictionaryfilessaSailyvatSamatTiedot" classname="dictionary.SaveableDictionaryTest" time="0.009"/>
  <testcase name="classIsPublic" classname="dictionary.SaveableDictionaryTest" time="0.013"/>
  <testcase name="noExtraVariables" classname="dictionary.SaveableDictionaryTest" time="0.002"/>
  <testcase name="tyhjaKonstruktori" classname="dictionary.SaveableDictionaryTest" time="0.022"/>
  <testcase name="dictionarySavesIfTheFileDoesNotYetExist" classname="dictionary.SaveableDictionaryTest" time="0.055"/>
</testsuite>