-------------------------------------------------------------------------------
Test set: LiteratureTest
-------------------------------------------------------------------------------
Tests run: 4, Failures: 1, Errors: 0, Skipped: 0, Time elapsed: 1.128 s <<< FAILURE! - in LiteratureTest
orderByAgeRecommendationAndName2(LiteratureTest)  Time elapsed: 0.1 s  <<< FAILURE!
java.lang.AssertionError: 
When the input is:
bbbb
1
aaaa
1
cccc
1
dddd
0


The expected order is
dddd, aaaa, bbbb, cccc.
At runtime bbbb came too soon in the list.
	at LiteratureTest.orderByAgeRecommendationAndName2(LiteratureTest.java:183)

