<?xml version="1.0" encoding="UTF-8"?>
<testsuite xmlns:xsi="http://www.w3.org/2001/XMLSchema-instance" xsi:noNamespaceSchemaLocation="https://maven.apache.org/surefire/maven-surefire-plugin/xsd/surefire-test-report.xsd" name="LiteratureTest" time="1.128" tests="4" errors="0" skipped="0" failures="1">
  <properties>
    <property name="awt.toolkit" value="sun.awt.X11.XToolkit"/>
    <property name="java.specification.version" value="11"/>
    <property name="sun.cpu.isalist" value=""/>
    <property name="sun.jnu.encoding" value="UTF-8"/>
    <property name="java.class.path" value="/home/cheong/NetBeansProjects/mooc-java-programming-ii/mooc-java-programming-ii/part10-Part10_14.Literature/target/test-classes:/home/cheong/NetBeansProjects/mooc-java-programming-ii/mooc-java-programming-ii/part10-Part10_14.Literature/target/classes:/home/cheong/.m2/repository/junit/junit/4.12/junit-4.12.jar:/home/cheong/.m2/repository/org/hamcrest/hamcrest-core/1.3/hamcrest-core-1.3.jar:/home/cheong/.m2/repository/fi/helsinki/cs/tmc/edu-test-utils/0.4.2/edu-test-utils-0.4.2.jar:"/>
    <property name="java.vm.vendor" value="Ubuntu"/>
    <property name="sun.arch.data.model" value="64"/>
    <property name="java.vendor.url" value="https://ubuntu.com/"/>
    <property name="user.timezone" value=""/>
    <property name="java.vm.specification.version" value="11"/>
    <property name="os.name" value="Linux"/>
    <property name="sun.java.launcher" value="SUN_STANDARD"/>
    <property name="user.country" value="US"/>
    <property name="sun.boot.library.path" value="/usr/lib/jvm/java-11-openjdk-amd64/lib"/>
    <property name="sun.java.command" value="/home/cheong/NetBeansProjects/mooc-java-programming-ii/mooc-java-programming-ii/part10-Part10_14.Literature/target/surefire/surefirebooter7948835477543293032.jar /home/cheong/NetBeansProjects/mooc-java-programming-ii/mooc-java-programming-ii/part10-Part10_14.Literature/target/surefire 2022-11-15T19-52-32_046-jvmRun1 surefire4476669717335219074tmp surefire_06207471193318277190tmp"/>
    <property name="jdk.debug" value="release"/>
    <property name="surefire.test.class.path" value="/home/cheong/NetBeansProjects/mooc-java-programming-ii/mooc-java-programming-ii/part10-Part10_14.Literature/target/test-classes:/home/cheong/NetBeansProjects/mooc-java-programming-ii/mooc-java-programming-ii/part10-Part10_14.Literature/target/classes:/home/cheong/.m2/repository/junit/junit/4.12/junit-4.12.jar:/home/cheong/.m2/repository/org/hamcrest/hamcrest-core/1.3/hamcrest-core-1.3.jar:/home/cheong/.m2/repository/fi/helsinki/cs/tmc/edu-test-utils/0.4.2/edu-test-utils-0.4.2.jar:"/>
    <property name="sun.cpu.endian" value="little"/>
    <property name="user.home" value="/home/cheong"/>
    <property name="user.language" value="en"/>
    <property name="java.specification.vendor" value="Oracle Corporation"/>
    <property name="java.version.date" value="2022-10-18"/>
    <property name="java.home" value="/usr/lib/jvm/java-11-openjdk-amd64"/>
    <property name="file.separator" value="/"/>
    <property name="basedir" value="/home/cheong/NetBeansProjects/mooc-java-programming-ii/mooc-java-programming-ii/part10-Part10_14.Literature"/>
    <property name="java.vm.compressedOopsMode" value="32-bit"/>
    <property name="line.separator" value="&#10;"/>
    <property name="java.specification.name" value="Java Platform API Specification"/>
    <property name="java.vm.specification.vendor" value="Oracle Corporation"/>
    <property name="java.awt.graphicsenv" value="sun.awt.X11GraphicsEnvironment"/>
    <property name="surefire.real.class.path" value="/home/cheong/NetBeansProjects/mooc-java-programming-ii/mooc-java-programming-ii/part10-Part10_14.Literature/target/surefire/surefirebooter7948835477543293032.jar"/>
    <property name="jdk.net.URLClassPath.disableClassPathURLCheck" value="true"/>
    <property name="sun.management.compiler" value="HotSpot 64-Bit Tiered Compilers"/>
    <property name="java.runtime.version" value="11.0.17+8-post-Ubuntu-1ubuntu220.04"/>
    <property name="user.name" value="cheong"/>
    <property name="path.separator" value=":"/>
    <property name="os.version" value="5.15.0-52-generic"/>
    <property name="java.runtime.name" value="OpenJDK Runtime Environment"/>
    <property name="file.encoding" value="UTF-8"/>
    <property name="java.vm.name" value="OpenJDK 64-Bit Server VM"/>
    <property name="localRepository" value="/home/cheong/.m2/repository"/>
    <property name="java.vendor.url.bug" value="https://bugs.launchpad.net/ubuntu/+source/openjdk-lts"/>
    <property name="java.io.tmpdir" value="/tmp"/>
    <property name="java.version" value="11.0.17"/>
    <property name="user.dir" value="/home/cheong/NetBeansProjects/mooc-java-programming-ii/mooc-java-programming-ii/part10-Part10_14.Literature"/>
    <property name="os.arch" value="amd64"/>
    <property name="java.vm.specification.name" value="Java Virtual Machine Specification"/>
    <property name="java.awt.printerjob" value="sun.print.PSPrinterJob"/>
    <property name="sun.os.patch.level" value="unknown"/>
    <property name="java.library.path" value="/usr/java/packages/lib:/usr/lib/x86_64-linux-gnu/jni:/lib/x86_64-linux-gnu:/usr/lib/x86_64-linux-gnu:/usr/lib/jni:/lib:/usr/lib"/>
    <property name="java.vm.info" value="mixed mode, sharing"/>
    <property name="java.vendor" value="Ubuntu"/>
    <property name="java.vm.version" value="11.0.17+8-post-Ubuntu-1ubuntu220.04"/>
    <property name="sun.io.unicode.encoding" value="UnicodeLittle"/>
    <property name="java.class.version" value="55.0"/>
  </properties>
  <testcase name="orderByAgeRecommendationAndName1" classname="LiteratureTest" time="0.035"/>
  <testcase name="orderByAgeRecommendationAndName2" classname="LiteratureTest" time="0.1">
    <failure message="When the input is:&#10;bbbb&#10;1&#10;aaaa&#10;1&#10;cccc&#10;1&#10;dddd&#10;0&#10;&#10;&#10;The expected order is&#10;dddd, aaaa, bbbb, cccc.&#10;At runtime bbbb came too soon in the list." type="java.lang.AssertionError">java.lang.AssertionError: 
When the input is:
bbbb
1
aaaa
1
cccc
1
dddd
0


The expected order is
dddd, aaaa, bbbb, cccc.
At runtime bbbb came too soon in the list.
	at LiteratureTest.orderByAgeRecommendationAndName2(LiteratureTest.java:183)
</failure>
  </testcase>
  <testcase name="areBooksAndAmountPrinted1" classname="LiteratureTest" time="0.011"/>
  <testcase name="orderByAgeRecommendation" classname="LiteratureTest" time="0.011"/>
</testsuite>