<?xml version="1.0" encoding="UTF-8"?>
<testsuite xmlns:xsi="http://www.w3.org/2001/XMLSchema-instance" xsi:noNamespaceSchemaLocation="https://maven.apache.org/surefire/maven-surefire-plugin/xsd/surefire-test-report.xsd" name="LiteratureTest" time="1.128" tests="4" errors="0" skipped="0" failures="1">
  <properties>
[...]
</properties>
  <testcase name="orderByAgeRecommendationAndName1" classname="LiteratureTest" time="0.035"/>
  <testcase name="orderByAgeRecommendationAndName2" classname="LiteratureTest" time="0.1">
    <failure message="When the input is:&#10;bbbb&#10;1&#10;aaaa&#10;1&#10;cccc&#10;1&#10;dddd&#10;0&#10;&#10;&#10;The expected order is&#10;dddd, aaaa, bbbb, cccc.&#10;At runtime bbbb came too soon in the list." type="java.lang.AssertionError">java.lang.AssertionError: 
When the input is:
bbbb
1
aaaa
1
cccc
1
dddd
0


The expected order is
dddd, aaaa, bbbb, cccc.
At runtime bbbb came too soon in the list.
	at LiteratureTest.orderByAgeRecommendationAndName2(LiteratureTest.java:183)
</failure>
  </testcase>
  <testcase name="areBooksAndAmountPrinted1" classname="LiteratureTest" time="0.011"/>
  <testcase name="orderByAgeRecommendation" classname="LiteratureTest" time="0.011"/>
</testsuite>