<?xml version="1.0" encoding="UTF-8"?>
<testsuite xmlns:xsi="http://www.w3.org/2001/XMLSchema-instance" xsi:noNamespaceSchemaLocation="https://maven.apache.org/surefire/maven-surefire-plugin/xsd/surefire-test-report.xsd" name="B_HandTest" time="1.564" tests="14" errors="0" skipped="0" failures="1">
  <properties>
[...]
</properties>
  <testcase name="onCompareToMethod" classname="B_HandTest" time="0.186"/>
  <testcase name="sortedPrintingWorks" classname="B_HandTest" time="1.016">
    <failure message="With code &#10;Hand hand = new Hand();&#10;hand.add( new Card(12,Suit.HEART) ); &#10;hand.add( new Card(14,Suit.DIAMOND) ); &#10;hand.add( new Card(2,Suit.SPADE) ); &#10;hand.add( new Card(2,Suit.CLUB) ); &#10;hand.sort();&#10;hand.print()&#10;second card should be SPADE 2&#10;print was&#10;HEART Q&#10;DIAMOND A&#10;SPADE 2&#10;CLUB 2&#10;" type="java.lang.AssertionError">java.lang.AssertionError: 
With code 
Hand hand = new Hand();
hand.add( new Card(12,Suit.HEART) ); 
hand.add( new Card(14,Suit.DIAMOND) ); 
hand.add( new Card(2,Suit.SPADE) ); 
hand.add( new Card(2,Suit.CLUB) ); 
hand.sort();
hand.print()
second card should be SPADE 2
print was
HEART Q
DIAMOND A
SPADE 2
CLUB 2

	at B_HandTest.sortedPrintingWorks(B_HandTest.java:217)
</failure>
  </testcase>
  <testcase name="methodPrint" classname="B_HandTest" time="0.019"/>
  <testcase name="methodAdd" classname="B_HandTest" time="0"/>
  <testcase name="methodSort" classname="B_HandTest" time="0"/>
  <testcase name="printingWorks" classname="B_HandTest" time="0.002"/>
  <testcase name="comparisonWorks1" classname="B_HandTest" time="0.005"/>
  <testcase name="comparisonWorks2" classname="B_HandTest" time="0"/>
  <testcase name="comparisonWorks3" classname="B_HandTest" time="0.01"/>
  <testcase name="comparisonWorks4" classname="B_HandTest" time="0.001"/>
  <testcase name="comparisonWorks5" classname="B_HandTest" time="0.006"/>
  <testcase name="isConstructor" classname="B_HandTest" time="0.001"/>
  <testcase name="noExtraVariables" classname="B_HandTest" time="0.001"/>
  <testcase name="onImplementComparableHand" classname="B_HandTest" time="0.002"/>
</testsuite>