<?xml version="1.0" encoding="UTF-8"?>
<testsuite xmlns:xsi="http://www.w3.org/2001/XMLSchema-instance" xsi:noNamespaceSchemaLocation="https://maven.apache.org/surefire/maven-surefire-plugin/xsd/surefire-test-report.xsd" name="AnimalsTest" time="3.129" tests="8" errors="0" skipped="0" failures="2">
  <properties>
[...]
</properties>
  <testcase name="interfaceNoiseCapableExists" classname="AnimalsTest" time="0.299"/>
  <testcase name="catClassMethodsInherited" classname="AnimalsTest" time="0.023"/>
  <testcase name="catClass" classname="AnimalsTest" time="0.013"/>
  <testcase name="abstractClassAnimal" classname="AnimalsTest" time="0.023">
    <failure message="The class Animal should be abstract. Now it wasn&apos;t" type="java.lang.AssertionError">java.lang.AssertionError: The class Animal should be abstract. Now it wasn't
	at AnimalsTest.abstractClassAnimal(AnimalsTest.java:20)
</failure>
  </testcase>
  <testcase name="dogClassMethodsInherited" classname="AnimalsTest" time="0.008"/>
  <testcase name="catImplementsInterfaceNoiseCapable" classname="AnimalsTest" time="0.006"/>
  <testcase name="dogClass" classname="AnimalsTest" time="0.004">
    <failure message="Dog&apos;s bark wasn&apos;t printed. The output was:&#10;null barks&#10;" type="java.lang.AssertionError">java.lang.AssertionError: 
Dog's bark wasn't printed. The output was:
null barks

	at AnimalsTest.dogClass(AnimalsTest.java:40)
</failure>
  </testcase>
  <testcase name="dogImplementsInterfaceNoiseCapable" classname="AnimalsTest" time="0.002"/>
</testsuite>