<?xml version="1.0" encoding="UTF-8"?>
<testsuite xmlns:xsi="http://www.w3.org/2001/XMLSchema-instance" xsi:noNamespaceSchemaLocation="https://maven.apache.org/surefire/maven-surefire-plugin/xsd/surefire-test-report.xsd" name="A_WarehouseTest" time="0.497" tests="19" errors="0" skipped="0" failures="0">
  <properties>
[...]
</properties>
  <testcase name="stockMethodExits" classname="A_WarehouseTest" time="0.251"/>
  <testcase name="constructor" classname="A_WarehouseTest" time="0.002"/>
  <testcase name="priceCheckForNonexistantProduct" classname="A_WarehouseTest" time="0.004"/>
  <testcase name="mapImplemented" classname="A_WarehouseTest" time="0.002"/>
  <testcase name="methodPriceImplemented" classname="A_WarehouseTest" time="0.001"/>
  <testcase name="failedPriceCheckDoesNotCauseAnException" classname="A_WarehouseTest" time="0.001"/>
  <testcase name="productsMethodWorks" classname="A_WarehouseTest" time="0.001"/>
  <testcase name="priceMethodWorks" classname="A_WarehouseTest" time="0.001"/>
  <testcase name="stockForAProductNotInTheWarehouse" classname="A_WarehouseTest" time="0.008"/>
  <testcase name="takeWorksWhenStockBecomesZero" classname="A_WarehouseTest" time="0.012"/>
  <testcase name="stockMethodWorksWithProductInTheWarehouse" classname="A_WarehouseTest" time="0.002"/>
  <testcase name="mapExists" classname="A_WarehouseTest" time="0.001"/>
  <testcase name="methodProductsExits" classname="A_WarehouseTest" time="0.002"/>
  <testcase name="classIsPublic" classname="A_WarehouseTest" time="0.001"/>
  <testcase name="tryingToTakeAProductThatDoesNotExistReturnsFalse" classname="A_WarehouseTest" time="0.001"/>
  <testcase name="takeReducesQuantity" classname="A_WarehouseTest" time="0.005"/>
  <testcase name="methodTakeExits" classname="A_WarehouseTest" time="0.003"/>
  <testcase name="noExtraVariables" classname="A_WarehouseTest" time="0.001"/>
  <testcase name="methodAddProductExits" classname="A_WarehouseTest" time="0.001"/>
</testsuite>